<?xml version="1.0" encoding="UTF-8"?>
<testng-results skipped="1" failed="0" ignored="0" total="2" passed="1">
  <reporter-output>
  </reporter-output>
  <suite name="Command line suite" duration-ms="88539" started-at="2025-04-30T06:21:55Z" finished-at="2025-04-30T06:23:24Z">
    <groups>
    </groups>
    <test name="Command line test" duration-ms="88539" started-at="2025-04-30T06:21:55Z" finished-at="2025-04-30T06:23:24Z">
      <class name="Utility.Report">
        <test-method status="PASS" signature="startReport()[pri:0, instance:Utility.Report@4c9f8c13]" name="startReport" is-config="true" duration-ms="142" started-at="2025-04-30T06:21:55Z" finished-at="2025-04-30T06:21:56Z">
          <reporter-output>
          </reporter-output>
        </test-method> <!-- startReport -->
        <test-method status="PASS" signature="Launch_Browser()[pri:1, instance:Utility.Report@4c9f8c13]" name="Launch_Browser" duration-ms="84356" started-at="2025-04-30T06:21:56Z" finished-at="2025-04-30T06:23:20Z">
          <reporter-output>
          </reporter-output>
        </test-method> <!-- Launch_Browser -->
        <test-method status="PASS" signature="openBrowser()[pri:0, instance:Utility.Report@4c9f8c13]" name="openBrowser" is-config="true" duration-ms="0" started-at="2025-04-30T06:21:56Z" finished-at="2025-04-30T06:21:56Z">
          <reporter-output>
          </reporter-output>
        </test-method> <!-- openBrowser -->
        <test-method status="FAIL" signature="result(org.testng.ITestResult)[pri:0, instance:Utility.Report@4c9f8c13]" name="result" is-config="true" duration-ms="4006" started-at="2025-04-30T06:23:20Z" finished-at="2025-04-30T06:23:24Z">
          <params>
            <param index="0">
              <value>
                <![CDATA[[TestResult name=Launch_Browser status=SUCCESS method=Report.Launch_Browser()[pri:1, instance:Utility.Report@4c9f8c13] output={null}]]]>
              </value>
            </param>
          </params>
          <exception class="java.lang.IndexOutOfBoundsException">
            <message>
              <![CDATA[Index: 4, Size: 4]]>
            </message>
            <full-stacktrace>
              <![CDATA[java.lang.IndexOutOfBoundsException: Index: 4, Size: 4
at java.util.ArrayList.rangeCheck(ArrayList.java:659)
at java.util.ArrayList.set(ArrayList.java:450)
at Classfiles.Snowflake_connection.add_values_to_snowflake_table(Snowflake_connection.java:81)
at Utility.Report.result(Report.java:164)
at sun.reflect.NativeMethodAccessorImpl.invoke0(Native Method)
at sun.reflect.NativeMethodAccessorImpl.invoke(NativeMethodAccessorImpl.java:62)
at sun.reflect.DelegatingMethodAccessorImpl.invoke(DelegatingMethodAccessorImpl.java:43)
at java.lang.reflect.Method.invoke(Method.java:498)
at org.testng.internal.MethodInvocationHelper.invokeMethod(MethodInvocationHelper.java:124)
at org.testng.internal.MethodInvocationHelper.invokeMethodConsideringTimeout(MethodInvocationHelper.java:59)
at org.testng.internal.Invoker.invokeConfigurationMethod(Invoker.java:458)
at org.testng.internal.Invoker.invokeConfigurations(Invoker.java:222)
at org.testng.internal.Invoker.invokeMethod(Invoker.java:646)
at org.testng.internal.Invoker.invokeTestMethod(Invoker.java:719)
at org.testng.internal.Invoker.invokeTestMethods(Invoker.java:989)
at org.testng.internal.TestMethodWorker.invokeTestMethods(TestMethodWorker.java:125)
at org.testng.internal.TestMethodWorker.run(TestMethodWorker.java:109)
at org.testng.TestRunner.privateRun(TestRunner.java:648)
at org.testng.TestRunner.run(TestRunner.java:505)
at org.testng.SuiteRunner.runTest(SuiteRunner.java:455)
at org.testng.SuiteRunner.runSequentially(SuiteRunner.java:450)
at org.testng.SuiteRunner.privateRun(SuiteRunner.java:415)
at org.testng.SuiteRunner.run(SuiteRunner.java:364)
at org.testng.SuiteRunnerWorker.runSuite(SuiteRunnerWorker.java:52)
at org.testng.SuiteRunnerWorker.run(SuiteRunnerWorker.java:84)
at org.testng.TestNG.runSuitesSequentially(TestNG.java:1208)
at org.testng.TestNG.runSuitesLocally(TestNG.java:1137)
at org.testng.TestNG.runSuites(TestNG.java:1049)
at org.testng.TestNG.run(TestNG.java:1017)
at Utility.Testng_Class_File.main(Testng_Class_File.java:15)
]]>
            </full-stacktrace>
          </exception> <!-- java.lang.IndexOutOfBoundsException -->
          <reporter-output>
          </reporter-output>
        </test-method> <!-- result -->
        <test-method status="SKIP" signature="openBrowser()[pri:0, instance:Utility.Report@4c9f8c13]" name="openBrowser" is-config="true" duration-ms="0" started-at="2025-04-30T06:23:24Z" finished-at="2025-04-30T06:23:24Z">
          <reporter-output>
          </reporter-output>
        </test-method> <!-- openBrowser -->
        <test-method status="SKIP" signature="team_activity_analytics_report()[pri:2, instance:Utility.Report@4c9f8c13]" name="team_activity_analytics_report" duration-ms="0" started-at="2025-04-30T06:23:24Z" finished-at="2025-04-30T06:23:24Z">
          <exception class="java.lang.IndexOutOfBoundsException">
            <message>
              <![CDATA[Index: 4, Size: 4]]>
            </message>
            <full-stacktrace>
              <![CDATA[java.lang.IndexOutOfBoundsException: Index: 4, Size: 4
at java.util.ArrayList.rangeCheck(ArrayList.java:659)
at java.util.ArrayList.set(ArrayList.java:450)
at Classfiles.Snowflake_connection.add_values_to_snowflake_table(Snowflake_connection.java:81)
at Utility.Report.result(Report.java:164)
at sun.reflect.NativeMethodAccessorImpl.invoke0(Native Method)
at sun.reflect.NativeMethodAccessorImpl.invoke(NativeMethodAccessorImpl.java:62)
at sun.reflect.DelegatingMethodAccessorImpl.invoke(DelegatingMethodAccessorImpl.java:43)
at java.lang.reflect.Method.invoke(Method.java:498)
at org.testng.internal.MethodInvocationHelper.invokeMethod(MethodInvocationHelper.java:124)
at org.testng.internal.MethodInvocationHelper.invokeMethodConsideringTimeout(MethodInvocationHelper.java:59)
at org.testng.internal.Invoker.invokeConfigurationMethod(Invoker.java:458)
at org.testng.internal.Invoker.invokeConfigurations(Invoker.java:222)
at org.testng.internal.Invoker.invokeMethod(Invoker.java:646)
at org.testng.internal.Invoker.invokeTestMethod(Invoker.java:719)
at org.testng.internal.Invoker.invokeTestMethods(Invoker.java:989)
at org.testng.internal.TestMethodWorker.invokeTestMethods(TestMethodWorker.java:125)
at org.testng.internal.TestMethodWorker.run(TestMethodWorker.java:109)
at org.testng.TestRunner.privateRun(TestRunner.java:648)
at org.testng.TestRunner.run(TestRunner.java:505)
at org.testng.SuiteRunner.runTest(SuiteRunner.java:455)
at org.testng.SuiteRunner.runSequentially(SuiteRunner.java:450)
at org.testng.SuiteRunner.privateRun(SuiteRunner.java:415)
at org.testng.SuiteRunner.run(SuiteRunner.java:364)
at org.testng.SuiteRunnerWorker.runSuite(SuiteRunnerWorker.java:52)
at org.testng.SuiteRunnerWorker.run(SuiteRunnerWorker.java:84)
at org.testng.TestNG.runSuitesSequentially(TestNG.java:1208)
at org.testng.TestNG.runSuitesLocally(TestNG.java:1137)
at org.testng.TestNG.runSuites(TestNG.java:1049)
at org.testng.TestNG.run(TestNG.java:1017)
at Utility.Testng_Class_File.main(Testng_Class_File.java:15)
]]>
            </full-stacktrace>
          </exception> <!-- java.lang.IndexOutOfBoundsException -->
          <reporter-output>
          </reporter-output>
        </test-method> <!-- team_activity_analytics_report -->
        <test-method status="SKIP" signature="result(org.testng.ITestResult)[pri:0, instance:Utility.Report@4c9f8c13]" name="result" is-config="true" duration-ms="0" started-at="2025-04-30T06:23:24Z" finished-at="2025-04-30T06:23:24Z">
          <reporter-output>
          </reporter-output>
        </test-method> <!-- result -->
        <test-method status="SKIP" signature="endReport()[pri:0, instance:Utility.Report@4c9f8c13]" name="endReport" is-config="true" duration-ms="0" started-at="2025-04-30T06:23:24Z" finished-at="2025-04-30T06:23:24Z">
          <reporter-output>
          </reporter-output>
        </test-method> <!-- endReport -->
      </class> <!-- Utility.Report -->
    </test> <!-- Command line test -->
  </suite> <!-- Command line suite -->
</testng-results>
